<?xml version="1.0" encoding="UTF-8"?>
<!-- Generated by org.testng.reporters.JUnitReportReporter -->
<testsuite hostname="LAPTOP-L36TRD7L" failures="0" tests="1" name="utilites.ReadExcel" time="0.000" errors="0" timestamp="2023-10-22T17:19:50 IST" skipped="1">
  <testcase classname="utilites.ReadExcel" name="signUpWithUnicode" time="0.000">
    <skipped/>
  </testcase> <!-- signUpWithUnicode -->
  <system-out/>
</testsuite> <!-- utilites.ReadExcel -->
