<?xml version="1.0" encoding="UTF-8"?>
<!-- Generated by org.testng.reporters.JUnitReportReporter -->
<testsuite hostname="LAPTOP-L36TRD7L" failures="0" tests="2" name="dataprovider.Test123" time="67.875" errors="0" timestamp="2023-10-25T15:21:48 IST" skipped="0">
  <testcase classname="dataprovider.Test123" name="testRegister1" time="37.453"/>
  <system-out/>
  <testcase classname="dataprovider.Test123" name="testRegister1" time="30.422"/>
  <system-out/>
</testsuite> <!-- dataprovider.Test123 -->
