<?xml version="1.0" encoding="UTF-8"?>
<!-- Generated by org.testng.reporters.JUnitReportReporter -->
<testsuite hostname="LAPTOP-L36TRD7L" failures="0" tests="1" name="utilites.Dataprovider" time="0.000" errors="0" timestamp="2023-10-22T11:45:32 IST" skipped="1">
  <testcase classname="utilites.Dataprovider" name="testRegister1" time="0.000">
    <skipped/>
  </testcase> <!-- testRegister1 -->
  <system-out/>
</testsuite> <!-- utilites.Dataprovider -->
